<?xml version="1.0" encoding="UTF-8"?>
<testng-results skipped="0" failed="0" ignored="0" total="1" passed="1">
  <reporter-output>
  </reporter-output>
  <suite name="Default suite" duration-ms="9826" started-at="2017-03-08T06:12:19Z" finished-at="2017-03-08T06:12:29Z">
    <groups>
    </groups>
    <test name="Default test" duration-ms="9826" started-at="2017-03-08T06:12:19Z" finished-at="2017-03-08T06:12:29Z">
      <class name="Mypackage.Myclass">
        <test-method status="PASS" signature="openurl()[pri:0, instance:Mypackage.Myclass@3532ec19]" name="openurl" is-config="true" duration-ms="3143" started-at="2017-03-08T11:42:19Z" finished-at="2017-03-08T11:42:22Z">
          <reporter-output>
          </reporter-output>
        </test-method> <!-- openurl -->
        <test-method status="PASS" signature="Login()[pri:0, instance:Mypackage.Myclass@3532ec19]" name="Login" duration-ms="5804" started-at="2017-03-08T11:42:22Z" finished-at="2017-03-08T11:42:28Z">
          <reporter-output>
          </reporter-output>
        </test-method> <!-- Login -->
        <test-method status="PASS" signature="closebrowser()[pri:0, instance:Mypackage.Myclass@3532ec19]" name="closebrowser" is-config="true" duration-ms="860" started-at="2017-03-08T11:42:28Z" finished-at="2017-03-08T11:42:29Z">
          <reporter-output>
          </reporter-output>
        </test-method> <!-- closebrowser -->
      </class> <!-- Mypackage.Myclass -->
    </test> <!-- Default test -->
  </suite> <!-- Default suite -->
</testng-results>
